Logfile initialized
[INFO] logfile = C:\Users\Pulkit\My Documents\Titanium Studio Workspace\hackurls\build.log
[DEBUG] C:\Users\Pulkit\AppData\Roaming\Titanium\mobilesdk\win32\1.8.1\android\builder.py install hackurls C:\Program Files (x86)\Android\android-sdk C:\Users\Pulkit\My Documents\Titanium Studio Workspace\hackurls com.hackurls 7
[INFO] Titanium SDK version: 1.8.1 (01/27/12 17:31 a24502a)
[DEBUG] Waiting for device to be ready ...
[TRACE] adb devices returned 2 devices/emulators
[DEBUG] Device connected... (waited 0 seconds)
[DEBUG] waited 0.090000 seconds on emulator to get ready
[DEBUG] com.hackurls installed? False
[INFO] Copying project resources..
[TRACE] COPYING MODIFIED FILE: C:\Users\Pulkit\My Documents\Titanium Studio Workspace\hackurls\Resources\obj\Reddit.js => C:\Users\Pulkit\My Documents\Titanium Studio Workspace\hackurls\build\android\bin\assets\Resources\obj\Reddit.js
[TRACE] Generating Java Classes
[DEBUG] Processing Android resource drawables
[DEBUG] copying app icon: C:\Users\Pulkit\My Documents\Titanium Studio Workspace\hackurls\build\android\bin\assets\Resources\appicon.png
[DEBUG] generating theme.xml
[DEBUG] found drawable-long-land-hdpi splash screen at C:\Users\Pulkit\My Documents\Titanium Studio Workspace\hackurls\Resources\android\images\res-long-land-hdpi\default.png
[DEBUG] copying C:\Users\Pulkit\My Documents\Titanium Studio Workspace\hackurls\Resources\android\images\res-long-land-hdpi\default.png splash screen to C:\Users\Pulkit\My Documents\Titanium Studio Workspace\hackurls\build\android\res\drawable-long-land-hdpi\background.png
[DEBUG] found drawable-long-land-ldpi splash screen at C:\Users\Pulkit\My Documents\Titanium Studio Workspace\hackurls\Resources\android\images\res-long-land-ldpi\default.png
[DEBUG] copying C:\Users\Pulkit\My Documents\Titanium Studio Workspace\hackurls\Resources\android\images\res-long-land-ldpi\default.png splash screen to C:\Users\Pulkit\My Documents\Titanium Studio Workspace\hackurls\build\android\res\drawable-long-land-ldpi\background.png
[DEBUG] found drawable-long-port-hdpi splash screen at C:\Users\Pulkit\My Documents\Titanium Studio Workspace\hackurls\Resources\android\images\res-long-port-hdpi\default.png
[DEBUG] copying C:\Users\Pulkit\My Documents\Titanium Studio Workspace\hackurls\Resources\android\images\res-long-port-hdpi\default.png splash screen to C:\Users\Pulkit\My Documents\Titanium Studio Workspace\hackurls\build\android\res\drawable-long-port-hdpi\background.png
[DEBUG] found drawable-long-port-ldpi splash screen at C:\Users\Pulkit\My Documents\Titanium Studio Workspace\hackurls\Resources\android\images\res-long-port-ldpi\default.png
[DEBUG] copying C:\Users\Pulkit\My Documents\Titanium Studio Workspace\hackurls\Resources\android\images\res-long-port-ldpi\default.png splash screen to C:\Users\Pulkit\My Documents\Titanium Studio Workspace\hackurls\build\android\res\drawable-long-port-ldpi\background.png
[DEBUG] found drawable-notlong-land-hdpi splash screen at C:\Users\Pulkit\My Documents\Titanium Studio Workspace\hackurls\Resources\android\images\res-notlong-land-hdpi\default.png
[DEBUG] copying C:\Users\Pulkit\My Documents\Titanium Studio Workspace\hackurls\Resources\android\images\res-notlong-land-hdpi\default.png splash screen to C:\Users\Pulkit\My Documents\Titanium Studio Workspace\hackurls\build\android\res\drawable-notlong-land-hdpi\background.png
[DEBUG] found drawable-notlong-land-ldpi splash screen at C:\Users\Pulkit\My Documents\Titanium Studio Workspace\hackurls\Resources\android\images\res-notlong-land-ldpi\default.png
[DEBUG] copying C:\Users\Pulkit\My Documents\Titanium Studio Workspace\hackurls\Resources\android\images\res-notlong-land-ldpi\default.png splash screen to C:\Users\Pulkit\My Documents\Titanium Studio Workspace\hackurls\build\android\res\drawable-notlong-land-ldpi\background.png
[DEBUG] found drawable-notlong-land-mdpi splash screen at C:\Users\Pulkit\My Documents\Titanium Studio Workspace\hackurls\Resources\android\images\res-notlong-land-mdpi\default.png
[DEBUG] copying C:\Users\Pulkit\My Documents\Titanium Studio Workspace\hackurls\Resources\android\images\res-notlong-land-mdpi\default.png splash screen to C:\Users\Pulkit\My Documents\Titanium Studio Workspace\hackurls\build\android\res\drawable-notlong-land-mdpi\background.png
[DEBUG] found drawable-notlong-port-hdpi splash screen at C:\Users\Pulkit\My Documents\Titanium Studio Workspace\hackurls\Resources\android\images\res-notlong-port-hdpi\default.png
[DEBUG] copying C:\Users\Pulkit\My Documents\Titanium Studio Workspace\hackurls\Resources\android\images\res-notlong-port-hdpi\default.png splash screen to C:\Users\Pulkit\My Documents\Titanium Studio Workspace\hackurls\build\android\res\drawable-notlong-port-hdpi\background.png
[DEBUG] found drawable-notlong-port-ldpi splash screen at C:\Users\Pulkit\My Documents\Titanium Studio Workspace\hackurls\Resources\android\images\res-notlong-port-ldpi\default.png
[DEBUG] copying C:\Users\Pulkit\My Documents\Titanium Studio Workspace\hackurls\Resources\android\images\res-notlong-port-ldpi\default.png splash screen to C:\Users\Pulkit\My Documents\Titanium Studio Workspace\hackurls\build\android\res\drawable-notlong-port-ldpi\background.png
[DEBUG] found drawable-notlong-port-mdpi splash screen at C:\Users\Pulkit\My Documents\Titanium Studio Workspace\hackurls\Resources\android\images\res-notlong-port-mdpi\default.png
[DEBUG] copying C:\Users\Pulkit\My Documents\Titanium Studio Workspace\hackurls\Resources\android\images\res-notlong-port-mdpi\default.png splash screen to C:\Users\Pulkit\My Documents\Titanium Studio Workspace\hackurls\build\android\res\drawable-notlong-port-mdpi\background.png
[DEBUG] found splash screen at C:\Users\Pulkit\My Documents\Titanium Studio Workspace\hackurls\build\android\bin\assets\Resources\default.png
[TRACE] Writing out AndroidManifest.xml
[DEBUG] adding C:\Users\Pulkit\My Documents\Titanium Studio Workspace\hackurls\build\android\gen\com\hackurls\HackurlsActivity.java to javac build list
[DEBUG] adding C:\Users\Pulkit\My Documents\Titanium Studio Workspace\hackurls\build\android\gen\com\hackurls\HackurlsAppInfo.java to javac build list
[DEBUG] adding C:\Users\Pulkit\My Documents\Titanium Studio Workspace\hackurls\build\android\gen\com\hackurls\HackurlsApplication.java to javac build list
[DEBUG] adding C:\Users\Pulkit\My Documents\Titanium Studio Workspace\hackurls\build\android\gen\com\hackurls\R.java to javac build list
[DEBUG] Building Java Sources: "C:\\Users\\Pulkit\\My Documents\\Titanium Studio Workspace\\hackurls\\build\\android\\gen\\com\\hackurls\\HackurlsActivity.java" "C:\\Users\\Pulkit\\My Documents\\Titanium Studio Workspace\\hackurls\\build\\android\\gen\\com\\hackurls\\HackurlsAppInfo.java" "C:\\Users\\Pulkit\\My Documents\\Titanium Studio Workspace\\hackurls\\build\\android\\gen\\com\\hackurls\\HackurlsApplication.java" "C:\\Users\\Pulkit\\My Documents\\Titanium Studio Workspace\\hackurls\\build\\android\\gen\\com\\hackurls\\R.java"
[INFO] Compiling Android Resources... This could take some time
[INFO] Launching application ... hackurls
[TRACE] Launch output: Starting: Intent { act=android.intent.action.MAIN cat=[android.intent.category.LAUNCHER] cmp=com.hackurls/.HackurlsActivity }

[INFO] Deployed hackurls ... Application should be running.
[DEBUG] Android classes.dex built
[DEBUG] creating unsigned apk: C:\Users\Pulkit\My Documents\Titanium Studio Workspace\hackurls\build\android\bin\app-unsigned.apk
[DEBUG] from resource zip => assets/Resources/images/KS_nav_ui.png
[DEBUG] from resource zip => assets/Resources/images/KS_nav_views.png
[DEBUG] from resource zip => assets/Resources/obj/HackerNews.js
[DEBUG] from resource zip => assets/Resources/obj/Reddit.js
[DEBUG] from resource zip => assets/Resources/ui/AppTabGroup.js
[DEBUG] from resource zip => assets/Resources/ui/AppWindow.js
[DEBUG] from resource zip => assets/Resources/ui/ExternalLinkWindow.js
[DEBUG] from resource zip => assets/Resources/KS_nav_ui.png
[DEBUG] from resource zip => assets/Resources/KS_nav_views.png
[DEBUG] from resource zip => assets/Resources/app.js
[DEBUG] from resource zip => assets/Resources/appicon.png
[DEBUG] from resource zip => assets/Resources/default.png
[DEBUG] from resource zip => assets/app.json
[DEBUG] from resource zip => assets/index.json
[DEBUG] from resource zip => assets/tiapp.xml
[DEBUG] from resource zip => res/drawable/appicon.png
[DEBUG] from resource zip => res/drawable/background.png
[DEBUG] from resource zip => res/layout/titanium_tabgroup.xml
[DEBUG] from resource zip => AndroidManifest.xml
[DEBUG] from resource zip => resources.arsc
[DEBUG] from resource zip => res/drawable-long-land-hdpi/background.png
[DEBUG] from resource zip => res/drawable-long-land-ldpi/background.png
[DEBUG] from resource zip => res/drawable-long-port-hdpi/background.png
[DEBUG] from resource zip => res/drawable-long-port-ldpi/background.png
[DEBUG] from resource zip => res/drawable-notlong-land-hdpi/background.png
[DEBUG] from resource zip => res/drawable-notlong-land-ldpi/background.png
[DEBUG] from resource zip => res/drawable-notlong-land-mdpi/background.png
[DEBUG] from resource zip => res/drawable-notlong-port-hdpi/background.png
[DEBUG] from resource zip => res/drawable-notlong-port-ldpi/background.png
[DEBUG] from resource zip => res/drawable-notlong-port-mdpi/background.png
[DEBUG] from JAR C:\Users\Pulkit\AppData\Roaming\Titanium\mobilesdk\win32\1.8.1\android\titanium.jar => org/appcelerator/titanium/build.properties
[DEBUG] from JAR C:\Users\Pulkit\AppData\Roaming\Titanium\mobilesdk\win32\1.8.1\android\titanium.jar => org/appcelerator/titanium/res/drawable/background.png
[DEBUG] from JAR C:\Users\Pulkit\AppData\Roaming\Titanium\mobilesdk\win32\1.8.1\android\titanium.jar => org/appcelerator/titanium/res/drawable/btn_check_buttonless_on.png
[DEBUG] from JAR C:\Users\Pulkit\AppData\Roaming\Titanium\mobilesdk\win32\1.8.1\android\titanium.jar => org/appcelerator/titanium/res/drawable/btn_check_buttonless_on_18.png
[DEBUG] from JAR C:\Users\Pulkit\AppData\Roaming\Titanium\mobilesdk\win32\1.8.1\android\titanium.jar => org/appcelerator/titanium/res/drawable/btn_check_buttonless_on_48.png
[DEBUG] from JAR C:\Users\Pulkit\AppData\Roaming\Titanium\mobilesdk\win32\1.8.1\android\titanium.jar => org/appcelerator/titanium/res/drawable/btn_more.png
[DEBUG] from JAR C:\Users\Pulkit\AppData\Roaming\Titanium\mobilesdk\win32\1.8.1\android\titanium.jar => org/appcelerator/titanium/res/drawable/btn_more_18.png
[DEBUG] from JAR C:\Users\Pulkit\AppData\Roaming\Titanium\mobilesdk\win32\1.8.1\android\titanium.jar => org/appcelerator/titanium/res/drawable/btn_more_48.png
[DEBUG] from JAR C:\Users\Pulkit\AppData\Roaming\Titanium\mobilesdk\win32\1.8.1\android\titanium.jar => org/appcelerator/titanium/res/drawable/btn_picker_normal.9.png
[DEBUG] from JAR C:\Users\Pulkit\AppData\Roaming\Titanium\mobilesdk\win32\1.8.1\android\titanium.jar => org/appcelerator/titanium/res/drawable/btn_picker_pressed.9.png
[DEBUG] from JAR C:\Users\Pulkit\AppData\Roaming\Titanium\mobilesdk\win32\1.8.1\android\titanium.jar => org/appcelerator/titanium/res/drawable/btn_picker_selected.9.png
[DEBUG] from JAR C:\Users\Pulkit\AppData\Roaming\Titanium\mobilesdk\win32\1.8.1\android\titanium.jar => org/appcelerator/titanium/res/drawable/default_icon.png
[DEBUG] from JAR C:\Users\Pulkit\AppData\Roaming\Titanium\mobilesdk\win32\1.8.1\android\titanium.jar => org/appcelerator/titanium/res/drawable/photoDefault.png
[DEBUG] from JAR C:\Users\Pulkit\AppData\Roaming\Titanium\mobilesdk\win32\1.8.1\android\modules\titanium-ui.jar => ti/modules/titanium/ui/widget/webview/binding.js
[DEBUG] from JAR C:\Users\Pulkit\AppData\Roaming\Titanium\mobilesdk\win32\1.8.1\android\modules\titanium-ui.jar => ti/modules/titanium/ui/widget/webview/binding.min.js
[DEBUG] from JAR C:\Users\Pulkit\AppData\Roaming\Titanium\mobilesdk\win32\1.8.1\android\modules\titanium-ui.jar => ti/modules/titanium/ui/widget/webview/json2.js
[DEBUG] from JAR C:\Users\Pulkit\AppData\Roaming\Titanium\mobilesdk\win32\1.8.1\android\thirdparty.jar => org/apache/Commons-NOTICE.txt
[DEBUG] from JAR C:\Users\Pulkit\AppData\Roaming\Titanium\mobilesdk\win32\1.8.1\android\thirdparty.jar => org/apache/HttpComponents-NOTICE.txt
[DEBUG] from JAR C:\Users\Pulkit\AppData\Roaming\Titanium\mobilesdk\win32\1.8.1\android\thirdparty.jar => org/apache/mime4j-NOTICE.txt
[DEBUG] Waiting for device to be ready ...
[TRACE] adb devices returned 2 devices/emulators
[DEBUG] Device connected... (waited 0 seconds)
[DEBUG] waited 0.051000 seconds on emulator to get ready
[INFO] Installing application on device
[INFO] Application installed. Launch from drawer on Home Screen
